============================================================
  ARCHITECTURE ABLATION PIPELINE
============================================================
  Device:       cuda
  Epochs:       100
  Batch size:   256

── Loading Dataset ...
  Loading dataset from: /opt/watchdog/users/cerussite/alok/work/torch_sliding_dataset.pt
  Dataset loaded: 2703 samples
  Input shape:  (2703, 7, 32, 32)
  Label shape:  (2703, 32, 32)
  Input dtype:  torch.float32
  Label dtype:  torch.int64
  Input range:  [-0.27, 36037.00]
  Label unique: [1, 2, 7, 8, 11]
  Metadata rows: 2703

  Channel normalization stats:
    B2: mean=9037.26, std=1453.98
    B3: mean=9768.10, std=1757.99
    B4: mean=9573.81, std=2217.61
    B5: mean=14449.58, std=4230.16
    B6: mean=12468.06, std=3402.20
    B7: mean=10726.65, std=2952.71
    NDVI: mean=0.18, std=0.15

  Train: 2162 samples
  Val:   541 samples

── Computing class weights ...

============================================================
  TRAINING BACKBONE: resnet18
============================================================
  Params: 14,342,058 trainable

  Ep   1/100 | TrLoss:1.6275 OA:0.4865 mIoU:0.1455 | VaLoss:1.5588 OA:0.2475 mIoU:0.0736 | 1.5s
  Ep   2/100 | TrLoss:0.8177 OA:0.7956 mIoU:0.2874 | VaLoss:0.8141 OA:0.7759 mIoU:0.2715 | 1.4s
  Ep   3/100 | TrLoss:0.4907 OA:0.8746 mIoU:0.4344 | VaLoss:0.4786 OA:0.9144 mIoU:0.6752 | 1.2s
  Ep   4/100 | TrLoss:0.3294 OA:0.9149 mIoU:0.6735 | VaLoss:0.3336 OA:0.9345 mIoU:0.7290 | 1.2s
  Ep   5/100 | TrLoss:0.2465 OA:0.9295 mIoU:0.7096 | VaLoss:0.2532 OA:0.9453 mIoU:0.7559 | 1.2s
  Ep   6/100 | TrLoss:0.1976 OA:0.9406 mIoU:0.7361 | VaLoss:0.1866 OA:0.9497 mIoU:0.7728 | 1.2s
  Ep   7/100 | TrLoss:0.1592 OA:0.9509 mIoU:0.7696 | VaLoss:0.1562 OA:0.9514 mIoU:0.7757 | 1.2s
  Ep   8/100 | TrLoss:0.1383 OA:0.9537 mIoU:0.7791 | VaLoss:0.1293 OA:0.9578 mIoU:0.8001 | 1.2s
  Ep   9/100 | TrLoss:0.1277 OA:0.9552 mIoU:0.7853 | VaLoss:0.1127 OA:0.9595 mIoU:0.8030 | 1.2s
  Ep  10/100 | TrLoss:0.1154 OA:0.9577 mIoU:0.7885 | VaLoss:0.1053 OA:0.9617 mIoU:0.8144 | 1.2s
  Ep  11/100 | TrLoss:0.1047 OA:0.9619 mIoU:0.8117 | VaLoss:0.0960 OA:0.9594 mIoU:0.7968 | 1.3s
  Ep  12/100 | TrLoss:0.0959 OA:0.9643 mIoU:0.8151 | VaLoss:0.0858 OA:0.9685 mIoU:0.8469 | 1.2s
  Ep  13/100 | TrLoss:0.0852 OA:0.9659 mIoU:0.8228 | VaLoss:0.0768 OA:0.9686 mIoU:0.8400 | 1.2s
  Ep  14/100 | TrLoss:0.0821 OA:0.9672 mIoU:0.8315 | VaLoss:0.0737 OA:0.9680 mIoU:0.8278 | 1.2s
  Ep  15/100 | TrLoss:0.0768 OA:0.9688 mIoU:0.8394 | VaLoss:0.0729 OA:0.9702 mIoU:0.8529 | 1.2s
  Ep  16/100 | TrLoss:0.0731 OA:0.9696 mIoU:0.8388 | VaLoss:0.0664 OA:0.9696 mIoU:0.8485 | 1.2s
  Ep  17/100 | TrLoss:0.0705 OA:0.9699 mIoU:0.8469 | VaLoss:0.0632 OA:0.9714 mIoU:0.8590 | 1.3s
  Ep  18/100 | TrLoss:0.0642 OA:0.9725 mIoU:0.8533 | VaLoss:0.0640 OA:0.9698 mIoU:0.8542 | 1.2s
  Ep  19/100 | TrLoss:0.0620 OA:0.9734 mIoU:0.8607 | VaLoss:0.0583 OA:0.9748 mIoU:0.8691 | 1.2s
  Ep  20/100 | TrLoss:0.0573 OA:0.9746 mIoU:0.8588 | VaLoss:0.0548 OA:0.9758 mIoU:0.8693 | 1.2s
  Ep  21/100 | TrLoss:0.0559 OA:0.9762 mIoU:0.8714 | VaLoss:0.0532 OA:0.9751 mIoU:0.8665 | 1.2s
Exception ignored in: <function _releaseLock at 0x72d67e41af20>
Traceback (most recent call last):
  File "/usr/lib/python3.12/logging/__init__.py", line 243, in _releaseLock
    def _releaseLock():
    
KeyboardInterrupt: 
Traceback (most recent call last):
  File "/opt/watchdog/users/cerussite/alok/.venv/lib/python3.12/site-packages/torch/utils/data/dataloader.py", line 1310, in _try_get_data
    data = self._data_queue.get(timeout=timeout)
           ^^^^^^^^^^^^^^^^^^^^^^^^^^^^^^^^^^^^^
  File "/usr/lib/python3.12/queue.py", line 179, in get
    raise Empty
_queue.Empty

The above exception was the direct cause of the following exception:

Traceback (most recent call last):
  File "/opt/watchdog/users/cerussite/alok/work/modelss/ablations/archi_ablation.py", line 145, in <module>
    main()
  File "/opt/watchdog/users/cerussite/alok/work/modelss/ablations/archi_ablation.py", line 113, in main
    val_loss = validate(model, val_loader, criterion, DEVICE, val_metrics)
               ^^^^^^^^^^^^^^^^^^^^^^^^^^^^^^^^^^^^^^^^^^^^^^^^^^^^^^^^^^^
  File "/opt/watchdog/users/cerussite/alok/.venv/lib/python3.12/site-packages/torch/utils/_contextlib.py", line 124, in decorate_context
    return func(*args, **kwargs)
           ^^^^^^^^^^^^^^^^^^^^^
  File "/opt/watchdog/users/cerussite/alok/work/modelss/train.py", line 50, in validate
    for x, y in loader:
  File "/opt/watchdog/users/cerussite/alok/.venv/lib/python3.12/site-packages/torch/utils/data/dataloader.py", line 741, in __next__
    data = self._next_data()
           ^^^^^^^^^^^^^^^^^
  File "/opt/watchdog/users/cerussite/alok/.venv/lib/python3.12/site-packages/torch/utils/data/dataloader.py", line 1524, in _next_data
    idx, data = self._get_data()
                ^^^^^^^^^^^^^^^^
  File "/opt/watchdog/users/cerussite/alok/.venv/lib/python3.12/site-packages/torch/utils/data/dataloader.py", line 1473, in _get_data
    success, data = self._try_get_data()
                    ^^^^^^^^^^^^^^^^^^^^
  File "/opt/watchdog/users/cerussite/alok/.venv/lib/python3.12/site-packages/torch/utils/data/dataloader.py", line 1323, in _try_get_data
    raise RuntimeError(
RuntimeError: DataLoader worker (pid(s) 641001, 641002, 641003) exited unexpectedly
